nohup: ignoring input
skipped inelastic (elasticity >= -1): BAT(-0.86), CIG(-0.3)
  seed 0: SDR done (lambda=0.0)
  seed 0: SDR done (lambda=0.1)
  seed 0: SDR done (lambda=0.2)
  seed 0: SDR done (lambda=0.3)
  seed 0: SDR done (lambda=0.4)
  seed 0: SDR done (lambda=0.6)
  seed 0: SDR done (lambda=0.8)
  seed 0: FRD done (lambda=0.0)
  seed 0: FRD done (lambda=0.1)
  seed 0: FRD done (lambda=0.2)
  seed 0: FRD done (lambda=0.3)
  seed 0: FRD done (lambda=0.4)
  seed 0: FRD done (lambda=0.6)
  seed 0: FRD done (lambda=0.8)
  seed 0: OAT done (lambda=0.0)
  seed 0: OAT done (lambda=0.1)
  seed 0: OAT done (lambda=0.2)
  seed 0: OAT done (lambda=0.3)
  seed 0: OAT done (lambda=0.4)
  seed 0: OAT done (lambda=0.6)
  seed 0: OAT done (lambda=0.8)
  seed 0: CRA done (lambda=0.0)
  seed 0: CRA done (lambda=0.1)
  seed 0: CRA done (lambda=0.2)
  seed 0: CRA done (lambda=0.3)
  seed 0: CRA done (lambda=0.4)
  seed 0: CRA done (lambda=0.6)
  seed 0: CRA done (lambda=0.8)
  seed 0: FEC done (lambda=0.0)
  seed 0: FEC done (lambda=0.1)
  seed 0: FEC done (lambda=0.2)
  seed 0: FEC done (lambda=0.3)
  seed 0: FEC done (lambda=0.4)
  seed 0: FEC done (lambda=0.6)
  seed 0: FEC done (lambda=0.8)
  seed 0: TBR done (lambda=0.0)
  seed 0: TBR done (lambda=0.1)
  seed 0: TBR done (lambda=0.2)
  seed 0: TBR done (lambda=0.3)
  seed 0: TBR done (lambda=0.4)
  seed 0: TBR done (lambda=0.6)
  seed 0: TBR done (lambda=0.8)
  seed 0: SOA done (lambda=0.0)
  seed 0: SOA done (lambda=0.1)
  seed 0: SOA done (lambda=0.2)
  seed 0: SOA done (lambda=0.3)
  seed 0: SOA done (lambda=0.4)
  seed 0: SOA done (lambda=0.6)
  seed 0: SOA done (lambda=0.8)
  seed 0: LND done (lambda=0.0)
  seed 0: LND done (lambda=0.1)
  seed 0: LND done (lambda=0.2)
  seed 0: LND done (lambda=0.3)
  seed 0: LND done (lambda=0.4)
  seed 0: LND done (lambda=0.6)
  seed 0: LND done (lambda=0.8)
  seed 0: CER done (lambda=0.0)
  seed 0: CER done (lambda=0.1)
  seed 0: CER done (lambda=0.2)
  seed 0: CER done (lambda=0.3)
  seed 0: CER done (lambda=0.4)
  seed 0: CER done (lambda=0.6)
  seed 0: CER done (lambda=0.8)
  seed 0: ANA done (lambda=0.0)
  seed 0: ANA done (lambda=0.1)
  seed 0: ANA done (lambda=0.2)
  seed 0: ANA done (lambda=0.3)
  seed 0: ANA done (lambda=0.4)
  seed 0: ANA done (lambda=0.6)
  seed 0: ANA done (lambda=0.8)
  seed 0: COO done (lambda=0.0)
  seed 0: COO done (lambda=0.1)
  seed 0: COO done (lambda=0.2)
  seed 0: COO done (lambda=0.3)
  seed 0: COO done (lambda=0.4)
  seed 0: COO done (lambda=0.6)
  seed 0: COO done (lambda=0.8)
  seed 0: CSO done (lambda=0.0)
  seed 0: CSO done (lambda=0.1)
  seed 0: CSO done (lambda=0.2)
  seed 0: CSO done (lambda=0.3)
  seed 0: CSO done (lambda=0.4)
  seed 0: CSO done (lambda=0.6)
  seed 0: CSO done (lambda=0.8)
  seed 0: CHE done (lambda=0.0)
  seed 0: CHE done (lambda=0.1)
  seed 0: CHE done (lambda=0.2)
  seed 0: CHE done (lambda=0.3)
  seed 0: CHE done (lambda=0.4)
  seed 0: CHE done (lambda=0.6)
  seed 0: CHE done (lambda=0.8)
  seed 0: BER done (lambda=0.0)
  seed 0: BER done (lambda=0.1)
  seed 0: BER done (lambda=0.2)
  seed 0: BER done (lambda=0.3)
  seed 0: BER done (lambda=0.4)
  seed 0: BER done (lambda=0.6)
  seed 0: BER done (lambda=0.8)
  seed 0: BJC done (lambda=0.0)
  seed 0: BJC done (lambda=0.1)
  seed 0: BJC done (lambda=0.2)
  seed 0: BJC done (lambda=0.3)
  seed 0: BJC done (lambda=0.4)
  seed 0: BJC done (lambda=0.6)
  seed 0: BJC done (lambda=0.8)
  seed 0: FRJ done (lambda=0.0)
  seed 0: FRJ done (lambda=0.1)
  seed 0: FRJ done (lambda=0.2)
  seed 0: FRJ done (lambda=0.3)
  seed 0: FRJ done (lambda=0.4)
  seed 0: FRJ done (lambda=0.6)
  seed 0: FRJ done (lambda=0.8)
  seed 0: FSF done (lambda=0.0)
  seed 0: FSF done (lambda=0.1)
  seed 0: FSF done (lambda=0.2)
  seed 0: FSF done (lambda=0.3)
  seed 0: FSF done (lambda=0.4)
  seed 0: FSF done (lambda=0.6)
  seed 0: FSF done (lambda=0.8)
  seed 0: GRO done (lambda=0.0)
  seed 0: GRO done (lambda=0.1)
  seed 0: GRO done (lambda=0.2)
  seed 0: GRO done (lambda=0.3)
  seed 0: GRO done (lambda=0.4)
  seed 0: GRO done (lambda=0.6)
  seed 0: GRO done (lambda=0.8)
  seed 0: DID done (lambda=0.0)
  seed 0: DID done (lambda=0.1)
  seed 0: DID done (lambda=0.2)
  seed 0: DID done (lambda=0.3)
  seed 0: DID done (lambda=0.4)
  seed 0: DID done (lambda=0.6)
  seed 0: DID done (lambda=0.8)
  seed 0: PTW done (lambda=0.0)
  seed 0: PTW done (lambda=0.1)
  seed 0: PTW done (lambda=0.2)
  seed 0: PTW done (lambda=0.3)
  seed 0: PTW done (lambda=0.4)
  seed 0: PTW done (lambda=0.6)
  seed 0: PTW done (lambda=0.8)
  seed 0: SHA done (lambda=0.0)
  seed 0: SHA done (lambda=0.1)
  seed 0: SHA done (lambda=0.2)
  seed 0: SHA done (lambda=0.3)
  seed 0: SHA done (lambda=0.4)
  seed 0: SHA done (lambda=0.6)
  seed 0: SHA done (lambda=0.8)
  seed 0: TNA done (lambda=0.0)
  seed 0: TNA done (lambda=0.1)
  seed 0: TNA done (lambda=0.2)
  seed 0: TNA done (lambda=0.3)
  seed 0: TNA done (lambda=0.4)
  seed 0: TNA done (lambda=0.6)
  seed 0: TNA done (lambda=0.8)
  seed 0: TPA done (lambda=0.0)
  seed 0: TPA done (lambda=0.1)
  seed 0: TPA done (lambda=0.2)
  seed 0: TPA done (lambda=0.3)
  seed 0: TPA done (lambda=0.4)
  seed 0: TPA done (lambda=0.6)
  seed 0: TPA done (lambda=0.8)
  seed 0: TTI done (lambda=0.0)
  seed 0: TTI done (lambda=0.1)
  seed 0: TTI done (lambda=0.2)
  seed 0: TTI done (lambda=0.3)
  seed 0: TTI done (lambda=0.4)
  seed 0: TTI done (lambda=0.6)
  seed 0: TTI done (lambda=0.8)
  seed 1: SDR done (lambda=0.0)
  seed 1: SDR done (lambda=0.1)
  seed 1: SDR done (lambda=0.2)
  seed 1: SDR done (lambda=0.3)
  seed 1: SDR done (lambda=0.4)
  seed 1: SDR done (lambda=0.6)
  seed 1: SDR done (lambda=0.8)
  seed 1: FRD done (lambda=0.0)
  seed 1: FRD done (lambda=0.1)
  seed 1: FRD done (lambda=0.2)
  seed 1: FRD done (lambda=0.3)
  seed 1: FRD done (lambda=0.4)
  seed 1: FRD done (lambda=0.6)
  seed 1: FRD done (lambda=0.8)
  seed 1: OAT done (lambda=0.0)
  seed 1: OAT done (lambda=0.1)
  seed 1: OAT done (lambda=0.2)
  seed 1: OAT done (lambda=0.3)
  seed 1: OAT done (lambda=0.4)
  seed 1: OAT done (lambda=0.6)
  seed 1: OAT done (lambda=0.8)
  seed 1: CRA done (lambda=0.0)
  seed 1: CRA done (lambda=0.1)
  seed 1: CRA done (lambda=0.2)
  seed 1: CRA done (lambda=0.3)
  seed 1: CRA done (lambda=0.4)
  seed 1: CRA done (lambda=0.6)
  seed 1: CRA done (lambda=0.8)
  seed 1: FEC done (lambda=0.0)
  seed 1: FEC done (lambda=0.1)
  seed 1: FEC done (lambda=0.2)
  seed 1: FEC done (lambda=0.3)
  seed 1: FEC done (lambda=0.4)
  seed 1: FEC done (lambda=0.6)
  seed 1: FEC done (lambda=0.8)
  seed 1: TBR done (lambda=0.0)
  seed 1: TBR done (lambda=0.1)
  seed 1: TBR done (lambda=0.2)
  seed 1: TBR done (lambda=0.3)
  seed 1: TBR done (lambda=0.4)
  seed 1: TBR done (lambda=0.6)
  seed 1: TBR done (lambda=0.8)
  seed 1: SOA done (lambda=0.0)
  seed 1: SOA done (lambda=0.1)
  seed 1: SOA done (lambda=0.2)
  seed 1: SOA done (lambda=0.3)
  seed 1: SOA done (lambda=0.4)
  seed 1: SOA done (lambda=0.6)
  seed 1: SOA done (lambda=0.8)
  seed 1: LND done (lambda=0.0)
  seed 1: LND done (lambda=0.1)
  seed 1: LND done (lambda=0.2)
  seed 1: LND done (lambda=0.3)
  seed 1: LND done (lambda=0.4)
  seed 1: LND done (lambda=0.6)
  seed 1: LND done (lambda=0.8)
  seed 1: CER done (lambda=0.0)
  seed 1: CER done (lambda=0.1)
  seed 1: CER done (lambda=0.2)
  seed 1: CER done (lambda=0.3)
  seed 1: CER done (lambda=0.4)
  seed 1: CER done (lambda=0.6)
  seed 1: CER done (lambda=0.8)
  seed 1: ANA done (lambda=0.0)
  seed 1: ANA done (lambda=0.1)
  seed 1: ANA done (lambda=0.2)
  seed 1: ANA done (lambda=0.3)
  seed 1: ANA done (lambda=0.4)
  seed 1: ANA done (lambda=0.6)
  seed 1: ANA done (lambda=0.8)
  seed 1: COO done (lambda=0.0)
  seed 1: COO done (lambda=0.1)
  seed 1: COO done (lambda=0.2)
  seed 1: COO done (lambda=0.3)
  seed 1: COO done (lambda=0.4)
  seed 1: COO done (lambda=0.6)
  seed 1: COO done (lambda=0.8)
  seed 1: CSO done (lambda=0.0)
  seed 1: CSO done (lambda=0.1)
  seed 1: CSO done (lambda=0.2)
  seed 1: CSO done (lambda=0.3)
  seed 1: CSO done (lambda=0.4)
  seed 1: CSO done (lambda=0.6)
  seed 1: CSO done (lambda=0.8)
  seed 1: CHE done (lambda=0.0)
  seed 1: CHE done (lambda=0.1)
  seed 1: CHE done (lambda=0.2)
  seed 1: CHE done (lambda=0.3)
  seed 1: CHE done (lambda=0.4)
  seed 1: CHE done (lambda=0.6)
  seed 1: CHE done (lambda=0.8)
  seed 1: BER done (lambda=0.0)
  seed 1: BER done (lambda=0.1)
  seed 1: BER done (lambda=0.2)
  seed 1: BER done (lambda=0.3)
  seed 1: BER done (lambda=0.4)
  seed 1: BER done (lambda=0.6)
  seed 1: BER done (lambda=0.8)
  seed 1: BJC done (lambda=0.0)
  seed 1: BJC done (lambda=0.1)
  seed 1: BJC done (lambda=0.2)
  seed 1: BJC done (lambda=0.3)
  seed 1: BJC done (lambda=0.4)
  seed 1: BJC done (lambda=0.6)
  seed 1: BJC done (lambda=0.8)
  seed 1: FRJ done (lambda=0.0)
  seed 1: FRJ done (lambda=0.1)
  seed 1: FRJ done (lambda=0.2)
  seed 1: FRJ done (lambda=0.3)
  seed 1: FRJ done (lambda=0.4)
  seed 1: FRJ done (lambda=0.6)
  seed 1: FRJ done (lambda=0.8)
  seed 1: FSF done (lambda=0.0)
  seed 1: FSF done (lambda=0.1)
  seed 1: FSF done (lambda=0.2)
  seed 1: FSF done (lambda=0.3)
  seed 1: FSF done (lambda=0.4)
  seed 1: FSF done (lambda=0.6)
  seed 1: FSF done (lambda=0.8)
  seed 1: GRO done (lambda=0.0)
  seed 1: GRO done (lambda=0.1)
  seed 1: GRO done (lambda=0.2)
  seed 1: GRO done (lambda=0.3)
  seed 1: GRO done (lambda=0.4)
  seed 1: GRO done (lambda=0.6)
  seed 1: GRO done (lambda=0.8)
  seed 1: DID done (lambda=0.0)
  seed 1: DID done (lambda=0.1)
  seed 1: DID done (lambda=0.2)
  seed 1: DID done (lambda=0.3)
  seed 1: DID done (lambda=0.4)
  seed 1: DID done (lambda=0.6)
  seed 1: DID done (lambda=0.8)
  seed 1: PTW done (lambda=0.0)
  seed 1: PTW done (lambda=0.1)
  seed 1: PTW done (lambda=0.2)
  seed 1: PTW done (lambda=0.3)
  seed 1: PTW done (lambda=0.4)
  seed 1: PTW done (lambda=0.6)
  seed 1: PTW done (lambda=0.8)
  seed 1: SHA done (lambda=0.0)
  seed 1: SHA done (lambda=0.1)
  seed 1: SHA done (lambda=0.2)
  seed 1: SHA done (lambda=0.3)
  seed 1: SHA done (lambda=0.4)
  seed 1: SHA done (lambda=0.6)
  seed 1: SHA done (lambda=0.8)
  seed 1: TNA done (lambda=0.0)
  seed 1: TNA done (lambda=0.1)
  seed 1: TNA done (lambda=0.2)
  seed 1: TNA done (lambda=0.3)
  seed 1: TNA done (lambda=0.4)
  seed 1: TNA done (lambda=0.6)
  seed 1: TNA done (lambda=0.8)
  seed 1: TPA done (lambda=0.0)
  seed 1: TPA done (lambda=0.1)
  seed 1: TPA done (lambda=0.2)
  seed 1: TPA done (lambda=0.3)
  seed 1: TPA done (lambda=0.4)
  seed 1: TPA done (lambda=0.6)
  seed 1: TPA done (lambda=0.8)
  seed 1: TTI done (lambda=0.0)
  seed 1: TTI done (lambda=0.1)
  seed 1: TTI done (lambda=0.2)
  seed 1: TTI done (lambda=0.3)
  seed 1: TTI done (lambda=0.4)
  seed 1: TTI done (lambda=0.6)
  seed 1: TTI done (lambda=0.8)
  seed 2: SDR done (lambda=0.0)
  seed 2: SDR done (lambda=0.1)
  seed 2: SDR done (lambda=0.2)
  seed 2: SDR done (lambda=0.3)
  seed 2: SDR done (lambda=0.4)
  seed 2: SDR done (lambda=0.6)
  seed 2: SDR done (lambda=0.8)
  seed 2: FRD done (lambda=0.0)
  seed 2: FRD done (lambda=0.1)
  seed 2: FRD done (lambda=0.2)
  seed 2: FRD done (lambda=0.3)
  seed 2: FRD done (lambda=0.4)
  seed 2: FRD done (lambda=0.6)
  seed 2: FRD done (lambda=0.8)
  seed 2: OAT done (lambda=0.0)
  seed 2: OAT done (lambda=0.1)
  seed 2: OAT done (lambda=0.2)
  seed 2: OAT done (lambda=0.3)
  seed 2: OAT done (lambda=0.4)
  seed 2: OAT done (lambda=0.6)
  seed 2: OAT done (lambda=0.8)
  seed 2: CRA done (lambda=0.0)
  seed 2: CRA done (lambda=0.1)
  seed 2: CRA done (lambda=0.2)
  seed 2: CRA done (lambda=0.3)
  seed 2: CRA done (lambda=0.4)
  seed 2: CRA done (lambda=0.6)
  seed 2: CRA done (lambda=0.8)
  seed 2: FEC done (lambda=0.0)
  seed 2: FEC done (lambda=0.1)
  seed 2: FEC done (lambda=0.2)
  seed 2: FEC done (lambda=0.3)
  seed 2: FEC done (lambda=0.4)
  seed 2: FEC done (lambda=0.6)
  seed 2: FEC done (lambda=0.8)
  seed 2: TBR done (lambda=0.0)
  seed 2: TBR done (lambda=0.1)
  seed 2: TBR done (lambda=0.2)
  seed 2: TBR done (lambda=0.3)
  seed 2: TBR done (lambda=0.4)
  seed 2: TBR done (lambda=0.6)
  seed 2: TBR done (lambda=0.8)
  seed 2: SOA done (lambda=0.0)
  seed 2: SOA done (lambda=0.1)
  seed 2: SOA done (lambda=0.2)
  seed 2: SOA done (lambda=0.3)
  seed 2: SOA done (lambda=0.4)
  seed 2: SOA done (lambda=0.6)
  seed 2: SOA done (lambda=0.8)
  seed 2: LND done (lambda=0.0)
  seed 2: LND done (lambda=0.1)
  seed 2: LND done (lambda=0.2)
  seed 2: LND done (lambda=0.3)
  seed 2: LND done (lambda=0.4)
  seed 2: LND done (lambda=0.6)
  seed 2: LND done (lambda=0.8)
  seed 2: CER done (lambda=0.0)
  seed 2: CER done (lambda=0.1)
  seed 2: CER done (lambda=0.2)
  seed 2: CER done (lambda=0.3)
  seed 2: CER done (lambda=0.4)
  seed 2: CER done (lambda=0.6)
  seed 2: CER done (lambda=0.8)
  seed 2: ANA done (lambda=0.0)
  seed 2: ANA done (lambda=0.1)
  seed 2: ANA done (lambda=0.2)
  seed 2: ANA done (lambda=0.3)
  seed 2: ANA done (lambda=0.4)
  seed 2: ANA done (lambda=0.6)
  seed 2: ANA done (lambda=0.8)
  seed 2: COO done (lambda=0.0)
  seed 2: COO done (lambda=0.1)
  seed 2: COO done (lambda=0.2)
  seed 2: COO done (lambda=0.3)
  seed 2: COO done (lambda=0.4)
  seed 2: COO done (lambda=0.6)
  seed 2: COO done (lambda=0.8)
  seed 2: CSO done (lambda=0.0)
  seed 2: CSO done (lambda=0.1)
  seed 2: CSO done (lambda=0.2)
  seed 2: CSO done (lambda=0.3)
  seed 2: CSO done (lambda=0.4)
  seed 2: CSO done (lambda=0.6)
  seed 2: CSO done (lambda=0.8)
  seed 2: CHE done (lambda=0.0)
  seed 2: CHE done (lambda=0.1)
  seed 2: CHE done (lambda=0.2)
  seed 2: CHE done (lambda=0.3)
  seed 2: CHE done (lambda=0.4)
  seed 2: CHE done (lambda=0.6)
  seed 2: CHE done (lambda=0.8)
  seed 2: BER done (lambda=0.0)
  seed 2: BER done (lambda=0.1)
  seed 2: BER done (lambda=0.2)
  seed 2: BER done (lambda=0.3)
  seed 2: BER done (lambda=0.4)
  seed 2: BER done (lambda=0.6)
  seed 2: BER done (lambda=0.8)
  seed 2: BJC done (lambda=0.0)
  seed 2: BJC done (lambda=0.1)
  seed 2: BJC done (lambda=0.2)
  seed 2: BJC done (lambda=0.3)
  seed 2: BJC done (lambda=0.4)
  seed 2: BJC done (lambda=0.6)
  seed 2: BJC done (lambda=0.8)
  seed 2: FRJ done (lambda=0.0)
  seed 2: FRJ done (lambda=0.1)
  seed 2: FRJ done (lambda=0.2)
  seed 2: FRJ done (lambda=0.3)
  seed 2: FRJ done (lambda=0.4)
  seed 2: FRJ done (lambda=0.6)
  seed 2: FRJ done (lambda=0.8)
  seed 2: FSF done (lambda=0.0)
  seed 2: FSF done (lambda=0.1)
  seed 2: FSF done (lambda=0.2)
  seed 2: FSF done (lambda=0.3)
  seed 2: FSF done (lambda=0.4)
  seed 2: FSF done (lambda=0.6)
  seed 2: FSF done (lambda=0.8)
  seed 2: GRO done (lambda=0.0)
  seed 2: GRO done (lambda=0.1)
  seed 2: GRO done (lambda=0.2)
  seed 2: GRO done (lambda=0.3)
  seed 2: GRO done (lambda=0.4)
  seed 2: GRO done (lambda=0.6)
  seed 2: GRO done (lambda=0.8)
  seed 2: DID done (lambda=0.0)
  seed 2: DID done (lambda=0.1)
  seed 2: DID done (lambda=0.2)
  seed 2: DID done (lambda=0.3)
  seed 2: DID done (lambda=0.4)
  seed 2: DID done (lambda=0.6)
  seed 2: DID done (lambda=0.8)
  seed 2: PTW done (lambda=0.0)
  seed 2: PTW done (lambda=0.1)
  seed 2: PTW done (lambda=0.2)
  seed 2: PTW done (lambda=0.3)
  seed 2: PTW done (lambda=0.4)
  seed 2: PTW done (lambda=0.6)
  seed 2: PTW done (lambda=0.8)
  seed 2: SHA done (lambda=0.0)
  seed 2: SHA done (lambda=0.1)
  seed 2: SHA done (lambda=0.2)
  seed 2: SHA done (lambda=0.3)
  seed 2: SHA done (lambda=0.4)
  seed 2: SHA done (lambda=0.6)
  seed 2: SHA done (lambda=0.8)
  seed 2: TNA done (lambda=0.0)
  seed 2: TNA done (lambda=0.1)
  seed 2: TNA done (lambda=0.2)
  seed 2: TNA done (lambda=0.3)
  seed 2: TNA done (lambda=0.4)
  seed 2: TNA done (lambda=0.6)
  seed 2: TNA done (lambda=0.8)
  seed 2: TPA done (lambda=0.0)
  seed 2: TPA done (lambda=0.1)
  seed 2: TPA done (lambda=0.2)
  seed 2: TPA done (lambda=0.3)
  seed 2: TPA done (lambda=0.4)
  seed 2: TPA done (lambda=0.6)
  seed 2: TPA done (lambda=0.8)
  seed 2: TTI done (lambda=0.0)
  seed 2: TTI done (lambda=0.1)
  seed 2: TTI done (lambda=0.2)
  seed 2: TTI done (lambda=0.3)
  seed 2: TTI done (lambda=0.4)
  seed 2: TTI done (lambda=0.6)
  seed 2: TTI done (lambda=0.8)
  seed 3: SDR done (lambda=0.0)
  seed 3: SDR done (lambda=0.1)
  seed 3: SDR done (lambda=0.2)
  seed 3: SDR done (lambda=0.3)
  seed 3: SDR done (lambda=0.4)
  seed 3: SDR done (lambda=0.6)
  seed 3: SDR done (lambda=0.8)
  seed 3: FRD done (lambda=0.0)
  seed 3: FRD done (lambda=0.1)
  seed 3: FRD done (lambda=0.2)
  seed 3: FRD done (lambda=0.3)
  seed 3: FRD done (lambda=0.4)
  seed 3: FRD done (lambda=0.6)
  seed 3: FRD done (lambda=0.8)
  seed 3: OAT done (lambda=0.0)
  seed 3: OAT done (lambda=0.1)
  seed 3: OAT done (lambda=0.2)
  seed 3: OAT done (lambda=0.3)
  seed 3: OAT done (lambda=0.4)
  seed 3: OAT done (lambda=0.6)
  seed 3: OAT done (lambda=0.8)
  seed 3: CRA done (lambda=0.0)
  seed 3: CRA done (lambda=0.1)
  seed 3: CRA done (lambda=0.2)
  seed 3: CRA done (lambda=0.3)
  seed 3: CRA done (lambda=0.4)
  seed 3: CRA done (lambda=0.6)
  seed 3: CRA done (lambda=0.8)
  seed 3: FEC done (lambda=0.0)
  seed 3: FEC done (lambda=0.1)
  seed 3: FEC done (lambda=0.2)
  seed 3: FEC done (lambda=0.3)
  seed 3: FEC done (lambda=0.4)
  seed 3: FEC done (lambda=0.6)
  seed 3: FEC done (lambda=0.8)
  seed 3: TBR done (lambda=0.0)
  seed 3: TBR done (lambda=0.1)
  seed 3: TBR done (lambda=0.2)
  seed 3: TBR done (lambda=0.3)
  seed 3: TBR done (lambda=0.4)
  seed 3: TBR done (lambda=0.6)
  seed 3: TBR done (lambda=0.8)
  seed 3: SOA done (lambda=0.0)
  seed 3: SOA done (lambda=0.1)
  seed 3: SOA done (lambda=0.2)
  seed 3: SOA done (lambda=0.3)
  seed 3: SOA done (lambda=0.4)
  seed 3: SOA done (lambda=0.6)
  seed 3: SOA done (lambda=0.8)
  seed 3: LND done (lambda=0.0)
  seed 3: LND done (lambda=0.1)
  seed 3: LND done (lambda=0.2)
  seed 3: LND done (lambda=0.3)
  seed 3: LND done (lambda=0.4)
  seed 3: LND done (lambda=0.6)
  seed 3: LND done (lambda=0.8)
  seed 3: CER done (lambda=0.0)
  seed 3: CER done (lambda=0.1)
  seed 3: CER done (lambda=0.2)
  seed 3: CER done (lambda=0.3)
  seed 3: CER done (lambda=0.4)
  seed 3: CER done (lambda=0.6)
  seed 3: CER done (lambda=0.8)
  seed 3: ANA done (lambda=0.0)
  seed 3: ANA done (lambda=0.1)
  seed 3: ANA done (lambda=0.2)
  seed 3: ANA done (lambda=0.3)
  seed 3: ANA done (lambda=0.4)
  seed 3: ANA done (lambda=0.6)
  seed 3: ANA done (lambda=0.8)
  seed 3: COO done (lambda=0.0)
  seed 3: COO done (lambda=0.1)
  seed 3: COO done (lambda=0.2)
  seed 3: COO done (lambda=0.3)
  seed 3: COO done (lambda=0.4)
  seed 3: COO done (lambda=0.6)
  seed 3: COO done (lambda=0.8)
  seed 3: CSO done (lambda=0.0)
  seed 3: CSO done (lambda=0.1)
  seed 3: CSO done (lambda=0.2)
  seed 3: CSO done (lambda=0.3)
  seed 3: CSO done (lambda=0.4)
  seed 3: CSO done (lambda=0.6)
  seed 3: CSO done (lambda=0.8)
  seed 3: CHE done (lambda=0.0)
  seed 3: CHE done (lambda=0.1)
  seed 3: CHE done (lambda=0.2)
  seed 3: CHE done (lambda=0.3)
  seed 3: CHE done (lambda=0.4)
  seed 3: CHE done (lambda=0.6)
  seed 3: CHE done (lambda=0.8)
  seed 3: BER done (lambda=0.0)
  seed 3: BER done (lambda=0.1)
  seed 3: BER done (lambda=0.2)
  seed 3: BER done (lambda=0.3)
  seed 3: BER done (lambda=0.4)
  seed 3: BER done (lambda=0.6)
  seed 3: BER done (lambda=0.8)
  seed 3: BJC done (lambda=0.0)
  seed 3: BJC done (lambda=0.1)
  seed 3: BJC done (lambda=0.2)
  seed 3: BJC done (lambda=0.3)
  seed 3: BJC done (lambda=0.4)
  seed 3: BJC done (lambda=0.6)
  seed 3: BJC done (lambda=0.8)
  seed 3: FRJ done (lambda=0.0)
  seed 3: FRJ done (lambda=0.1)
  seed 3: FRJ done (lambda=0.2)
  seed 3: FRJ done (lambda=0.3)
  seed 3: FRJ done (lambda=0.4)
  seed 3: FRJ done (lambda=0.6)
  seed 3: FRJ done (lambda=0.8)
  seed 3: FSF done (lambda=0.0)
  seed 3: FSF done (lambda=0.1)
  seed 3: FSF done (lambda=0.2)
  seed 3: FSF done (lambda=0.3)
  seed 3: FSF done (lambda=0.4)
  seed 3: FSF done (lambda=0.6)
  seed 3: FSF done (lambda=0.8)
  seed 3: GRO done (lambda=0.0)
  seed 3: GRO done (lambda=0.1)
  seed 3: GRO done (lambda=0.2)
  seed 3: GRO done (lambda=0.3)
  seed 3: GRO done (lambda=0.4)
  seed 3: GRO done (lambda=0.6)
  seed 3: GRO done (lambda=0.8)
  seed 3: DID done (lambda=0.0)
  seed 3: DID done (lambda=0.1)
  seed 3: DID done (lambda=0.2)
  seed 3: DID done (lambda=0.3)
  seed 3: DID done (lambda=0.4)
  seed 3: DID done (lambda=0.6)
  seed 3: DID done (lambda=0.8)
  seed 3: PTW done (lambda=0.0)
  seed 3: PTW done (lambda=0.1)
  seed 3: PTW done (lambda=0.2)
  seed 3: PTW done (lambda=0.3)
  seed 3: PTW done (lambda=0.4)
  seed 3: PTW done (lambda=0.6)
  seed 3: PTW done (lambda=0.8)
  seed 3: SHA done (lambda=0.0)
  seed 3: SHA done (lambda=0.1)
  seed 3: SHA done (lambda=0.2)
  seed 3: SHA done (lambda=0.3)
  seed 3: SHA done (lambda=0.4)
  seed 3: SHA done (lambda=0.6)
  seed 3: SHA done (lambda=0.8)
  seed 3: TNA done (lambda=0.0)
  seed 3: TNA done (lambda=0.1)
  seed 3: TNA done (lambda=0.2)
  seed 3: TNA done (lambda=0.3)
  seed 3: TNA done (lambda=0.4)
  seed 3: TNA done (lambda=0.6)
  seed 3: TNA done (lambda=0.8)
  seed 3: TPA done (lambda=0.0)
  seed 3: TPA done (lambda=0.1)
  seed 3: TPA done (lambda=0.2)
  seed 3: TPA done (lambda=0.3)
  seed 3: TPA done (lambda=0.4)
  seed 3: TPA done (lambda=0.6)
  seed 3: TPA done (lambda=0.8)
  seed 3: TTI done (lambda=0.0)
  seed 3: TTI done (lambda=0.1)
  seed 3: TTI done (lambda=0.2)
  seed 3: TTI done (lambda=0.3)
  seed 3: TTI done (lambda=0.4)
  seed 3: TTI done (lambda=0.6)
  seed 3: TTI done (lambda=0.8)
  seed 4: SDR done (lambda=0.0)
  seed 4: SDR done (lambda=0.1)
  seed 4: SDR done (lambda=0.2)
  seed 4: SDR done (lambda=0.3)
  seed 4: SDR done (lambda=0.4)
  seed 4: SDR done (lambda=0.6)
  seed 4: SDR done (lambda=0.8)
  seed 4: FRD done (lambda=0.0)
  seed 4: FRD done (lambda=0.1)
  seed 4: FRD done (lambda=0.2)
  seed 4: FRD done (lambda=0.3)
  seed 4: FRD done (lambda=0.4)
  seed 4: FRD done (lambda=0.6)
  seed 4: FRD done (lambda=0.8)
  seed 4: OAT done (lambda=0.0)
  seed 4: OAT done (lambda=0.1)
  seed 4: OAT done (lambda=0.2)
  seed 4: OAT done (lambda=0.3)
  seed 4: OAT done (lambda=0.4)
  seed 4: OAT done (lambda=0.6)
  seed 4: OAT done (lambda=0.8)
  seed 4: CRA done (lambda=0.0)
  seed 4: CRA done (lambda=0.1)
  seed 4: CRA done (lambda=0.2)
  seed 4: CRA done (lambda=0.3)
  seed 4: CRA done (lambda=0.4)
  seed 4: CRA done (lambda=0.6)
  seed 4: CRA done (lambda=0.8)
  seed 4: FEC done (lambda=0.0)
  seed 4: FEC done (lambda=0.1)
  seed 4: FEC done (lambda=0.2)
  seed 4: FEC done (lambda=0.3)
  seed 4: FEC done (lambda=0.4)
  seed 4: FEC done (lambda=0.6)
  seed 4: FEC done (lambda=0.8)
  seed 4: TBR done (lambda=0.0)
  seed 4: TBR done (lambda=0.1)
  seed 4: TBR done (lambda=0.2)
  seed 4: TBR done (lambda=0.3)
  seed 4: TBR done (lambda=0.4)
  seed 4: TBR done (lambda=0.6)
  seed 4: TBR done (lambda=0.8)
  seed 4: SOA done (lambda=0.0)
  seed 4: SOA done (lambda=0.1)
  seed 4: SOA done (lambda=0.2)
  seed 4: SOA done (lambda=0.3)
  seed 4: SOA done (lambda=0.4)
  seed 4: SOA done (lambda=0.6)
  seed 4: SOA done (lambda=0.8)
  seed 4: LND done (lambda=0.0)
  seed 4: LND done (lambda=0.1)
  seed 4: LND done (lambda=0.2)
  seed 4: LND done (lambda=0.3)
  seed 4: LND done (lambda=0.4)
  seed 4: LND done (lambda=0.6)
  seed 4: LND done (lambda=0.8)
  seed 4: CER done (lambda=0.0)
  seed 4: CER done (lambda=0.1)
  seed 4: CER done (lambda=0.2)
  seed 4: CER done (lambda=0.3)
  seed 4: CER done (lambda=0.4)
  seed 4: CER done (lambda=0.6)
  seed 4: CER done (lambda=0.8)
  seed 4: ANA done (lambda=0.0)
  seed 4: ANA done (lambda=0.1)
  seed 4: ANA done (lambda=0.2)
  seed 4: ANA done (lambda=0.3)
  seed 4: ANA done (lambda=0.4)
  seed 4: ANA done (lambda=0.6)
  seed 4: ANA done (lambda=0.8)
  seed 4: COO done (lambda=0.0)
  seed 4: COO done (lambda=0.1)
  seed 4: COO done (lambda=0.2)
  seed 4: COO done (lambda=0.3)
  seed 4: COO done (lambda=0.4)
  seed 4: COO done (lambda=0.6)
  seed 4: COO done (lambda=0.8)
  seed 4: CSO done (lambda=0.0)
  seed 4: CSO done (lambda=0.1)
  seed 4: CSO done (lambda=0.2)
  seed 4: CSO done (lambda=0.3)
  seed 4: CSO done (lambda=0.4)
  seed 4: CSO done (lambda=0.6)
  seed 4: CSO done (lambda=0.8)
  seed 4: CHE done (lambda=0.0)
  seed 4: CHE done (lambda=0.1)
  seed 4: CHE done (lambda=0.2)
  seed 4: CHE done (lambda=0.3)
  seed 4: CHE done (lambda=0.4)
  seed 4: CHE done (lambda=0.6)
  seed 4: CHE done (lambda=0.8)
  seed 4: BER done (lambda=0.0)
  seed 4: BER done (lambda=0.1)
  seed 4: BER done (lambda=0.2)
  seed 4: BER done (lambda=0.3)
  seed 4: BER done (lambda=0.4)
  seed 4: BER done (lambda=0.6)
  seed 4: BER done (lambda=0.8)
  seed 4: BJC done (lambda=0.0)
  seed 4: BJC done (lambda=0.1)
  seed 4: BJC done (lambda=0.2)
  seed 4: BJC done (lambda=0.3)
  seed 4: BJC done (lambda=0.4)
  seed 4: BJC done (lambda=0.6)
  seed 4: BJC done (lambda=0.8)
  seed 4: FRJ done (lambda=0.0)
  seed 4: FRJ done (lambda=0.1)
  seed 4: FRJ done (lambda=0.2)
  seed 4: FRJ done (lambda=0.3)
  seed 4: FRJ done (lambda=0.4)
  seed 4: FRJ done (lambda=0.6)
  seed 4: FRJ done (lambda=0.8)
  seed 4: FSF done (lambda=0.0)
  seed 4: FSF done (lambda=0.1)
  seed 4: FSF done (lambda=0.2)
  seed 4: FSF done (lambda=0.3)
  seed 4: FSF done (lambda=0.4)
  seed 4: FSF done (lambda=0.6)
  seed 4: FSF done (lambda=0.8)
  seed 4: GRO done (lambda=0.0)
  seed 4: GRO done (lambda=0.1)
  seed 4: GRO done (lambda=0.2)
  seed 4: GRO done (lambda=0.3)
  seed 4: GRO done (lambda=0.4)
  seed 4: GRO done (lambda=0.6)
  seed 4: GRO done (lambda=0.8)
  seed 4: DID done (lambda=0.0)
  seed 4: DID done (lambda=0.1)
  seed 4: DID done (lambda=0.2)
  seed 4: DID done (lambda=0.3)
  seed 4: DID done (lambda=0.4)
  seed 4: DID done (lambda=0.6)
  seed 4: DID done (lambda=0.8)
  seed 4: PTW done (lambda=0.0)
  seed 4: PTW done (lambda=0.1)
  seed 4: PTW done (lambda=0.2)
  seed 4: PTW done (lambda=0.3)
  seed 4: PTW done (lambda=0.4)
  seed 4: PTW done (lambda=0.6)
  seed 4: PTW done (lambda=0.8)
  seed 4: SHA done (lambda=0.0)
  seed 4: SHA done (lambda=0.1)
  seed 4: SHA done (lambda=0.2)
  seed 4: SHA done (lambda=0.3)
  seed 4: SHA done (lambda=0.4)
  seed 4: SHA done (lambda=0.6)
  seed 4: SHA done (lambda=0.8)
  seed 4: TNA done (lambda=0.0)
  seed 4: TNA done (lambda=0.1)
  seed 4: TNA done (lambda=0.2)
  seed 4: TNA done (lambda=0.3)
  seed 4: TNA done (lambda=0.4)
  seed 4: TNA done (lambda=0.6)
  seed 4: TNA done (lambda=0.8)
  seed 4: TPA done (lambda=0.0)
  seed 4: TPA done (lambda=0.1)
  seed 4: TPA done (lambda=0.2)
  seed 4: TPA done (lambda=0.3)
  seed 4: TPA done (lambda=0.4)
  seed 4: TPA done (lambda=0.6)
  seed 4: TPA done (lambda=0.8)
  seed 4: TTI done (lambda=0.0)
  seed 4: TTI done (lambda=0.1)
  seed 4: TTI done (lambda=0.2)
  seed 4: TTI done (lambda=0.3)
  seed 4: TTI done (lambda=0.4)
  seed 4: TTI done (lambda=0.6)
  seed 4: TTI done (lambda=0.8)

wrote results/sweep_full.csv: 2520 rows (24 cats x 7 lambda x 3 arms x 5 seeds)

================ VERDICT (mean regret % over seeds) ================
arm                    controlled_variance  greedy  twosls
category lambda_value                                     
ANA      0.0                          34.5    36.9    14.8
         0.1                          37.2    37.4    13.7
         0.2                          38.3    37.8    20.9
         0.3                          38.8    38.4    20.7
         0.4                          39.3    38.9    19.2
         0.6                          39.3    40.1    13.3
         0.8                          38.5    41.4    15.6
BER      0.0                          38.4    88.2     6.6
         0.1                          37.7    88.5     8.4
         0.2                          39.6    88.1    11.3
         0.3                          42.6    67.3    16.9
         0.4                          47.1    48.2    21.2
         0.6                          60.9    45.6    30.2
         0.8                          84.4    58.4    43.6
BJC      0.0                          41.8    90.4    30.2
         0.1                          41.4    90.8    35.7
         0.2                          43.8    80.2    23.8
         0.3                          48.2    49.3    25.7
         0.4                          54.5    44.4    26.1
         0.6                          74.8    50.8    37.1
         0.8                         112.3    71.3    53.8
CER      0.0                          37.4    87.8    22.5
         0.1                          37.3    88.2    19.5
         0.2                          38.9    88.4    21.4
         0.3                          41.4    64.8    20.9
         0.4                          45.1    50.9    25.6
         0.6                          56.0    42.3    25.4
         0.8                          73.7    51.3    34.9
CHE      0.0                          38.1    62.8    10.4
         0.1                          39.5    63.5    12.9
         0.2                          43.0    64.3     8.7
         0.3                          48.7    65.1     8.3
         0.4                          44.5    65.9    10.0
         0.6                          43.9    60.6    16.3
         0.8                          44.1    49.9    22.6
COO      0.0                          41.4    90.2    34.5
         0.1                          41.2    90.5    22.1
         0.2                          43.4    84.2    24.1
         0.3                          47.4    49.7    18.5
         0.4                          52.9    44.5    23.4
         0.6                          70.9    47.9    33.2
         0.8                         103.6    65.3    48.2
CRA      0.0                          37.3    87.2    36.1
         0.1                          36.7    87.5    25.1
         0.2                          38.4    87.8    22.1
         0.3                          40.9    79.8    24.1
         0.4                          44.3    51.1    27.7
         0.6                          55.4    42.7    25.3
         0.8                          73.5    52.5    36.8
CSO      0.0                          35.4    44.7    17.4
         0.1                          42.9    45.3    16.4
         0.2                          45.4    46.0    15.1
         0.3                          46.6    46.8    15.7
         0.4                          46.4    47.5    17.8
         0.6                          44.9    49.1    23.3
         0.8                          43.1    50.0    25.7
DID      0.0                          39.4    88.8    25.1
         0.1                          38.3    89.2    31.2
         0.2                          40.6    85.1    25.5
         0.3                          43.9    59.4    19.2
         0.4                          49.0    43.6    22.7
         0.6                          64.8    47.8    33.4
         0.8                          92.3    63.6    48.6
FEC      0.0                          36.6    82.6    26.7
         0.1                          36.2    83.1    30.4
         0.2                          36.0    83.7    20.1
         0.3                          37.8    81.9    22.7
         0.4                          39.9    58.7    16.4
         0.6                          48.6    45.1    24.5
         0.8                          61.0    50.8    36.1
FRD      0.0                          64.6    93.7    23.6
         0.1                          63.7    94.1    28.6
         0.2                          68.9    42.2    35.0
         0.3                          80.1    41.3    37.4
         0.4                          98.0    47.7    44.0
         0.6                         171.2    75.1    56.8
         0.8                         364.4   144.7    92.2
FRJ      0.0                          34.0    34.9    16.1
         0.1                          36.7    35.9    17.5
         0.2                          37.7    37.0    14.0
         0.3                          38.9    38.2    14.3
         0.4                          40.1    39.4    15.1
         0.6                          42.5    41.9    17.4
         0.8                          45.0    44.4    21.6
FSF      0.0                          37.7    85.2    20.0
         0.1                          36.4    85.6    27.2
         0.2                          37.0    86.2    21.6
         0.3                          38.9    72.6    15.0
         0.4                          42.2    52.6    18.5
         0.6                          52.6    45.0    27.1
         0.8                          69.3    53.7    39.7
GRO      0.0                           4.3     4.1    26.8
         0.1                           4.1     3.9    26.9
         0.2                           4.0     3.8    28.9
         0.3                           3.9     3.7    28.4
         0.4                           3.8     3.6    27.6
         0.6                           3.8     3.6    26.8
         0.8                           3.9     3.7    26.6
LND      0.0                          61.7    93.7    23.3
         0.1                          61.0    94.1    38.6
         0.2                          66.1    42.7    30.2
         0.3                          76.6    41.0    36.5
         0.4                          93.7    47.5    43.6
         0.6                         161.0    73.8    56.1
         0.8                         332.5   138.7    91.2
OAT      0.0                          35.5    85.5    32.9
         0.1                          35.2    85.8    23.1
         0.2                          36.5    86.2    19.5
         0.3                          38.5    86.5    20.5
         0.4                          40.8    57.3    15.0
         0.6                          49.1    41.4    20.4
         0.8                          62.0    46.3    29.8
PTW      0.0                          39.7    89.1    27.4
         0.1                          38.3    89.6    22.2
         0.2                          40.8    85.6    28.1
         0.3                          44.9    56.5    22.5
         0.4                          51.3    46.1    27.1
         0.6                          69.8    52.9    40.9
         0.8                         102.5    73.3    59.5
SDR      0.0                          43.4    90.9    23.6
         0.1                          42.7    91.4    24.5
         0.2                          46.0    66.4    26.5
         0.3                          51.7    48.2    27.3
         0.4                          60.0    44.2    32.5
         0.6                          87.9    59.1    46.3
         0.8                         147.1    90.2    70.4
SHA      0.0                          23.4    23.2    16.3
         0.1                          24.1    23.6    16.6
         0.2                          24.5    23.9    16.0
         0.3                          24.9    24.3    15.0
         0.4                          25.3    24.8    16.5
         0.6                          26.3    25.7    17.2
         0.8                          27.4    26.8    18.6
SOA      0.0                          37.3    86.8     4.8
         0.1                          36.3    87.2    12.5
         0.2                          38.1    87.7     9.2
         0.3                          40.3    82.3    14.3
         0.4                          43.9    52.5    18.4
         0.6                          55.0    43.7    26.3
         0.8                          73.0    52.8    37.7
TBR      0.0                          18.5    17.9    17.1
         0.1                          18.9    18.3    18.9
         0.2                          19.4    18.7    18.1
         0.3                          19.9    19.3    16.9
         0.4                          20.4    19.8    16.8
         0.6                          21.7    21.0    17.8
         0.8                          23.0    22.4    19.6
TNA      0.0                          38.2    67.0    12.6
         0.1                          40.9    67.9    20.6
         0.2                          44.9    68.8     7.6
         0.3                          46.2    69.7     9.6
         0.4                          44.8    70.3    14.0
         0.6                          44.8    56.7    20.1
         0.8                          46.6    48.4    27.9
TPA      0.0                          35.6    80.4    20.6
         0.1                          35.5    80.9    24.8
         0.2                          36.1    81.5    20.2
         0.3                          37.0    81.3    11.7
         0.4                          38.9    69.6    14.9
         0.6                          44.8    43.4    22.0
         0.8                          55.2    47.1    32.1
TTI      0.0                          44.4    91.5    32.3
         0.1                          43.9    91.9    38.2
         0.2                          47.0    70.7    27.8
         0.3                          52.9    43.8    27.1
         0.4                          61.5    44.0    32.5
         0.6                          90.0    58.8    45.9
         0.8                         150.2    89.7    69.0

winning family per cell:
causal      160
baseline      8

=> 8 cell(s) NOT won by causal correction:
     GRO lambda=0.0: winner family = baseline (greedy)
     GRO lambda=0.1: winner family = baseline (greedy)
     GRO lambda=0.2: winner family = baseline (greedy)
     GRO lambda=0.3: winner family = baseline (greedy)
     GRO lambda=0.4: winner family = baseline (greedy)
     GRO lambda=0.6: winner family = baseline (greedy)
     GRO lambda=0.8: winner family = baseline (greedy)
     TBR lambda=0.1: winner family = baseline (greedy)
